[2025-01-29 02:06:33Z INFO HostContext] No proxy settings were found based on environmental variables (http_proxy/https_proxy/HTTP_PROXY/HTTPS_PROXY)
[2025-01-29 02:06:33Z INFO HostContext] Well known directory 'Bin': '/Users/curtisjemison/Green_Info_Urban_style_site/actions-runner/bin'
[2025-01-29 02:06:33Z INFO HostContext] Well known directory 'Root': '/Users/curtisjemison/Green_Info_Urban_style_site/actions-runner'
[2025-01-29 02:06:33Z INFO HostContext] Well known config file 'Credentials': '/Users/curtisjemison/Green_Info_Urban_style_site/actions-runner/.credentials'
[2025-01-29 02:06:33Z INFO HostContext] Well known directory 'Bin': '/Users/curtisjemison/Green_Info_Urban_style_site/actions-runner/bin'
[2025-01-29 02:06:33Z INFO HostContext] Well known directory 'Root': '/Users/curtisjemison/Green_Info_Urban_style_site/actions-runner'
[2025-01-29 02:06:33Z INFO HostContext] Well known config file 'Runner': '/Users/curtisjemison/Green_Info_Urban_style_site/actions-runner/.runner'
[2025-01-29 02:06:33Z INFO Listener] Runner is built for OSX (X64) - osx-x64.
[2025-01-29 02:06:33Z INFO Listener] RuntimeInformation: Darwin 24.2.0 Darwin Kernel Version 24.2.0: Fri Dec  6 19:01:59 PST 2024; root:xnu-11215.61.5~2/RELEASE_ARM64_T6000.
[2025-01-29 02:06:33Z INFO Listener] Version: 2.321.0
[2025-01-29 02:06:33Z INFO Listener] Commit: e249007931b7c8e857797fa259c167f0bd4f997a
[2025-01-29 02:06:33Z INFO Listener] Culture: en-US
[2025-01-29 02:06:33Z INFO Listener] UI Culture: en-US
[2025-01-29 02:06:33Z INFO HostContext] Well known directory 'Bin': '/Users/curtisjemison/Green_Info_Urban_style_site/actions-runner/bin'
[2025-01-29 02:06:33Z INFO HostContext] Well known directory 'Root': '/Users/curtisjemison/Green_Info_Urban_style_site/actions-runner'
[2025-01-29 02:06:33Z INFO Listener] Validating directory permissions for: '/Users/curtisjemison/Green_Info_Urban_style_site/actions-runner'
[2025-01-29 02:06:33Z INFO CommandLineParser] Parse
[2025-01-29 02:06:33Z INFO CommandLineParser] Parsing 1 args
[2025-01-29 02:06:33Z INFO CommandLineParser] parsing argument
[2025-01-29 02:06:33Z INFO CommandLineParser] HasArgs: False
[2025-01-29 02:06:33Z INFO CommandLineParser] Adding Command: run
[2025-01-29 02:06:33Z INFO Listener] Arguments parsed
[2025-01-29 02:06:33Z INFO Runner] ExecuteCommand
[2025-01-29 02:06:33Z INFO ConfigurationStore] currentAssemblyLocation: /Users/curtisjemison/Green_Info_Urban_style_site/actions-runner/bin/Runner.Listener.dll
[2025-01-29 02:06:33Z INFO HostContext] Well known directory 'Bin': '/Users/curtisjemison/Green_Info_Urban_style_site/actions-runner/bin'
[2025-01-29 02:06:33Z INFO ConfigurationStore] binPath: /Users/curtisjemison/Green_Info_Urban_style_site/actions-runner/bin
[2025-01-29 02:06:33Z INFO HostContext] Well known directory 'Bin': '/Users/curtisjemison/Green_Info_Urban_style_site/actions-runner/bin'
[2025-01-29 02:06:33Z INFO HostContext] Well known directory 'Root': '/Users/curtisjemison/Green_Info_Urban_style_site/actions-runner'
[2025-01-29 02:06:33Z INFO ConfigurationStore] RootFolder: /Users/curtisjemison/Green_Info_Urban_style_site/actions-runner
[2025-01-29 02:06:33Z INFO HostContext] Well known directory 'Bin': '/Users/curtisjemison/Green_Info_Urban_style_site/actions-runner/bin'
[2025-01-29 02:06:33Z INFO HostContext] Well known directory 'Root': '/Users/curtisjemison/Green_Info_Urban_style_site/actions-runner'
[2025-01-29 02:06:33Z INFO HostContext] Well known config file 'Runner': '/Users/curtisjemison/Green_Info_Urban_style_site/actions-runner/.runner'
[2025-01-29 02:06:33Z INFO ConfigurationStore] ConfigFilePath: /Users/curtisjemison/Green_Info_Urban_style_site/actions-runner/.runner
[2025-01-29 02:06:33Z INFO HostContext] Well known directory 'Bin': '/Users/curtisjemison/Green_Info_Urban_style_site/actions-runner/bin'
[2025-01-29 02:06:33Z INFO HostContext] Well known directory 'Root': '/Users/curtisjemison/Green_Info_Urban_style_site/actions-runner'
[2025-01-29 02:06:33Z INFO HostContext] Well known config file 'Credentials': '/Users/curtisjemison/Green_Info_Urban_style_site/actions-runner/.credentials'
[2025-01-29 02:06:33Z INFO ConfigurationStore] CredFilePath: /Users/curtisjemison/Green_Info_Urban_style_site/actions-runner/.credentials
[2025-01-29 02:06:33Z INFO HostContext] Well known directory 'Bin': '/Users/curtisjemison/Green_Info_Urban_style_site/actions-runner/bin'
[2025-01-29 02:06:33Z INFO HostContext] Well known directory 'Root': '/Users/curtisjemison/Green_Info_Urban_style_site/actions-runner'
[2025-01-29 02:06:33Z INFO HostContext] Well known config file 'MigratedCredentials': '/Users/curtisjemison/Green_Info_Urban_style_site/actions-runner/.credentials_migrated'
[2025-01-29 02:06:33Z INFO ConfigurationStore] MigratedCredFilePath: /Users/curtisjemison/Green_Info_Urban_style_site/actions-runner/.credentials_migrated
[2025-01-29 02:06:33Z INFO HostContext] Well known directory 'Bin': '/Users/curtisjemison/Green_Info_Urban_style_site/actions-runner/bin'
[2025-01-29 02:06:33Z INFO HostContext] Well known directory 'Root': '/Users/curtisjemison/Green_Info_Urban_style_site/actions-runner'
[2025-01-29 02:06:33Z INFO HostContext] Well known config file 'Service': '/Users/curtisjemison/Green_Info_Urban_style_site/actions-runner/.service'
[2025-01-29 02:06:33Z INFO ConfigurationStore] ServiceConfigFilePath: /Users/curtisjemison/Green_Info_Urban_style_site/actions-runner/.service
[2025-01-29 02:06:33Z INFO CommandSettings] Flag 'help': 'False'
[2025-01-29 02:06:33Z INFO CommandSettings] Flag 'version': 'False'
[2025-01-29 02:06:33Z INFO CommandSettings] Flag 'commit': 'False'
[2025-01-29 02:06:33Z INFO CommandSettings] Flag 'check': 'False'
[2025-01-29 02:06:33Z INFO CommandSettings] Command 'configure': 'False'
[2025-01-29 02:06:33Z INFO CommandSettings] Command 'remove': 'False'
[2025-01-29 02:06:33Z INFO CommandSettings] Command 'warmup': 'False'
[2025-01-29 02:06:33Z INFO ConfigurationManager] LoadSettings
[2025-01-29 02:06:33Z INFO ConfigurationStore] IsConfigured()
[2025-01-29 02:06:33Z INFO ConfigurationStore] IsConfigured: False
[2025-01-29 02:06:33Z INFO ConfigurationManager] Is configured: False
[2025-01-29 02:06:33Z ERR  Terminal] WRITE ERROR: An error occurred: Not configured. Run config.(sh/cmd) to configure the runner.
[2025-01-29 02:06:34Z ERR  Listener] GitHub.Runner.Common.NonRetryableException: Not configured. Run config.(sh/cmd) to configure the runner.
   at GitHub.Runner.Listener.Configuration.ConfigurationManager.LoadSettings()
   at GitHub.Runner.Listener.Runner.ExecuteCommand(CommandSettings command)
   at GitHub.Runner.Listener.Program.MainAsync(IHostContext context, String[] args)
