[2025-01-29 02:08:46Z INFO HostContext] No proxy settings were found based on environmental variables (http_proxy/https_proxy/HTTP_PROXY/HTTPS_PROXY)
[2025-01-29 02:08:46Z INFO HostContext] Well known directory 'Bin': '/Users/curtisjemison/Green_Info_Urban_style_site/actions-runner/bin'
[2025-01-29 02:08:46Z INFO HostContext] Well known directory 'Root': '/Users/curtisjemison/Green_Info_Urban_style_site/actions-runner'
[2025-01-29 02:08:46Z INFO HostContext] Well known config file 'Credentials': '/Users/curtisjemison/Green_Info_Urban_style_site/actions-runner/.credentials'
[2025-01-29 02:08:47Z INFO HostContext] Well known directory 'Bin': '/Users/curtisjemison/Green_Info_Urban_style_site/actions-runner/bin'
[2025-01-29 02:08:47Z INFO HostContext] Well known directory 'Root': '/Users/curtisjemison/Green_Info_Urban_style_site/actions-runner'
[2025-01-29 02:08:47Z INFO HostContext] Well known config file 'Runner': '/Users/curtisjemison/Green_Info_Urban_style_site/actions-runner/.runner'
[2025-01-29 02:08:47Z INFO Listener] Runner is built for OSX (X64) - osx-x64.
[2025-01-29 02:08:47Z INFO Listener] RuntimeInformation: Darwin 24.2.0 Darwin Kernel Version 24.2.0: Fri Dec  6 19:01:59 PST 2024; root:xnu-11215.61.5~2/RELEASE_ARM64_T6000.
[2025-01-29 02:08:47Z INFO Listener] Version: 2.321.0
[2025-01-29 02:08:47Z INFO Listener] Commit: e249007931b7c8e857797fa259c167f0bd4f997a
[2025-01-29 02:08:47Z INFO Listener] Culture: en-US
[2025-01-29 02:08:47Z INFO Listener] UI Culture: en-US
[2025-01-29 02:08:47Z INFO HostContext] Well known directory 'Bin': '/Users/curtisjemison/Green_Info_Urban_style_site/actions-runner/bin'
[2025-01-29 02:08:47Z INFO HostContext] Well known directory 'Root': '/Users/curtisjemison/Green_Info_Urban_style_site/actions-runner'
[2025-01-29 02:08:47Z INFO Listener] Validating directory permissions for: '/Users/curtisjemison/Green_Info_Urban_style_site/actions-runner'
[2025-01-29 02:08:47Z INFO CommandLineParser] Parse
[2025-01-29 02:08:47Z INFO CommandLineParser] Parsing 5 args
[2025-01-29 02:08:47Z INFO CommandLineParser] parsing argument
[2025-01-29 02:08:47Z INFO CommandLineParser] HasArgs: False
[2025-01-29 02:08:47Z INFO CommandLineParser] Adding Command: configure
[2025-01-29 02:08:47Z INFO CommandLineParser] parsing argument
[2025-01-29 02:08:47Z INFO CommandLineParser] HasArgs: True
[2025-01-29 02:08:47Z INFO CommandLineParser] arg: url
[2025-01-29 02:08:47Z INFO CommandLineParser] parsing argument
[2025-01-29 02:08:47Z INFO CommandLineParser] HasArgs: True
[2025-01-29 02:08:47Z INFO CommandLineParser] Adding option 'url': 'https://github.com/GrayGhostDev/green_info'
[2025-01-29 02:08:47Z INFO CommandLineParser] parsing argument
[2025-01-29 02:08:47Z INFO CommandLineParser] HasArgs: True
[2025-01-29 02:08:47Z INFO CommandLineParser] arg: token
[2025-01-29 02:08:47Z INFO CommandLineParser] parsing argument
[2025-01-29 02:08:47Z INFO CommandLineParser] HasArgs: True
[2025-01-29 02:08:47Z INFO CommandLineParser] Adding option 'token': '***'
[2025-01-29 02:08:47Z INFO Listener] Arguments parsed
[2025-01-29 02:08:47Z INFO Runner] ExecuteCommand
[2025-01-29 02:08:47Z INFO ConfigurationStore] currentAssemblyLocation: /Users/curtisjemison/Green_Info_Urban_style_site/actions-runner/bin/Runner.Listener.dll
[2025-01-29 02:08:47Z INFO HostContext] Well known directory 'Bin': '/Users/curtisjemison/Green_Info_Urban_style_site/actions-runner/bin'
[2025-01-29 02:08:47Z INFO ConfigurationStore] binPath: /Users/curtisjemison/Green_Info_Urban_style_site/actions-runner/bin
[2025-01-29 02:08:47Z INFO HostContext] Well known directory 'Bin': '/Users/curtisjemison/Green_Info_Urban_style_site/actions-runner/bin'
[2025-01-29 02:08:47Z INFO HostContext] Well known directory 'Root': '/Users/curtisjemison/Green_Info_Urban_style_site/actions-runner'
[2025-01-29 02:08:47Z INFO ConfigurationStore] RootFolder: /Users/curtisjemison/Green_Info_Urban_style_site/actions-runner
[2025-01-29 02:08:47Z INFO HostContext] Well known directory 'Bin': '/Users/curtisjemison/Green_Info_Urban_style_site/actions-runner/bin'
[2025-01-29 02:08:47Z INFO HostContext] Well known directory 'Root': '/Users/curtisjemison/Green_Info_Urban_style_site/actions-runner'
[2025-01-29 02:08:47Z INFO HostContext] Well known config file 'Runner': '/Users/curtisjemison/Green_Info_Urban_style_site/actions-runner/.runner'
[2025-01-29 02:08:47Z INFO ConfigurationStore] ConfigFilePath: /Users/curtisjemison/Green_Info_Urban_style_site/actions-runner/.runner
[2025-01-29 02:08:47Z INFO HostContext] Well known directory 'Bin': '/Users/curtisjemison/Green_Info_Urban_style_site/actions-runner/bin'
[2025-01-29 02:08:47Z INFO HostContext] Well known directory 'Root': '/Users/curtisjemison/Green_Info_Urban_style_site/actions-runner'
[2025-01-29 02:08:47Z INFO HostContext] Well known config file 'Credentials': '/Users/curtisjemison/Green_Info_Urban_style_site/actions-runner/.credentials'
[2025-01-29 02:08:47Z INFO ConfigurationStore] CredFilePath: /Users/curtisjemison/Green_Info_Urban_style_site/actions-runner/.credentials
[2025-01-29 02:08:47Z INFO HostContext] Well known directory 'Bin': '/Users/curtisjemison/Green_Info_Urban_style_site/actions-runner/bin'
[2025-01-29 02:08:47Z INFO HostContext] Well known directory 'Root': '/Users/curtisjemison/Green_Info_Urban_style_site/actions-runner'
[2025-01-29 02:08:47Z INFO HostContext] Well known config file 'MigratedCredentials': '/Users/curtisjemison/Green_Info_Urban_style_site/actions-runner/.credentials_migrated'
[2025-01-29 02:08:47Z INFO ConfigurationStore] MigratedCredFilePath: /Users/curtisjemison/Green_Info_Urban_style_site/actions-runner/.credentials_migrated
[2025-01-29 02:08:47Z INFO HostContext] Well known directory 'Bin': '/Users/curtisjemison/Green_Info_Urban_style_site/actions-runner/bin'
[2025-01-29 02:08:47Z INFO HostContext] Well known directory 'Root': '/Users/curtisjemison/Green_Info_Urban_style_site/actions-runner'
[2025-01-29 02:08:47Z INFO HostContext] Well known config file 'Service': '/Users/curtisjemison/Green_Info_Urban_style_site/actions-runner/.service'
[2025-01-29 02:08:47Z INFO ConfigurationStore] ServiceConfigFilePath: /Users/curtisjemison/Green_Info_Urban_style_site/actions-runner/.service
[2025-01-29 02:08:47Z INFO CommandSettings] Flag 'help': 'False'
[2025-01-29 02:08:47Z INFO CommandSettings] Flag 'version': 'False'
[2025-01-29 02:08:47Z INFO CommandSettings] Flag 'commit': 'False'
[2025-01-29 02:08:47Z INFO CommandSettings] Flag 'check': 'False'
[2025-01-29 02:08:47Z INFO CommandSettings] Command 'configure': 'True'
[2025-01-29 02:08:47Z INFO Terminal] WRITE LINE: 
[2025-01-29 02:08:47Z INFO Terminal] WRITE LINE: --------------------------------------------------------------------------------
[2025-01-29 02:08:47Z INFO Terminal] WRITE LINE: |        ____ _ _   _   _       _          _        _   _                      |
[2025-01-29 02:08:47Z INFO Terminal] WRITE LINE: |       / ___(_) |_| | | |_   _| |__      / \   ___| |_(_) ___  _ __  ___      |
[2025-01-29 02:08:47Z INFO Terminal] WRITE LINE: |      | |  _| | __| |_| | | | | '_ \    / _ \ / __| __| |/ _ \| '_ \/ __|     |
[2025-01-29 02:08:47Z INFO Terminal] WRITE LINE: |      | |_| | | |_|  _  | |_| | |_) |  / ___ \ (__| |_| | (_) | | | \__ \     |
[2025-01-29 02:08:47Z INFO Terminal] WRITE LINE: |       \____|_|\__|_| |_|\__,_|_.__/  /_/   \_\___|\__|_|\___/|_| |_|___/     |
[2025-01-29 02:08:47Z INFO Terminal] WRITE LINE: |                                                                              |
[2025-01-29 02:08:47Z INFO Terminal] WRITE: |                       
[2025-01-29 02:08:47Z INFO Terminal] WRITE: Self-hosted runner registration
[2025-01-29 02:08:47Z INFO Terminal] WRITE LINE:                         |
[2025-01-29 02:08:47Z INFO Terminal] WRITE LINE: |                                                                              |
[2025-01-29 02:08:47Z INFO Terminal] WRITE LINE: --------------------------------------------------------------------------------
[2025-01-29 02:08:47Z INFO ConfigurationManager] ConfigureAsync
[2025-01-29 02:08:47Z INFO CommandSettings] Flag 'generateServiceConfig': 'False'
[2025-01-29 02:08:47Z INFO ConfigurationStore] IsConfigured()
[2025-01-29 02:08:47Z INFO ConfigurationStore] IsConfigured: True
[2025-01-29 02:08:47Z INFO ConfigurationManager] Is configured: True
[2025-01-29 02:08:47Z ERR  Runner] System.InvalidOperationException: Cannot configure the runner because it is already configured. To reconfigure the runner, run 'config.cmd remove' or './config.sh remove' first.
   at GitHub.Runner.Listener.Configuration.ConfigurationManager.ConfigureAsync(CommandSettings command)
   at GitHub.Runner.Listener.Runner.ExecuteCommand(CommandSettings command)
[2025-01-29 02:08:47Z ERR  Terminal] WRITE ERROR: Cannot configure the runner because it is already configured. To reconfigure the runner, run 'config.cmd remove' or './config.sh remove' first.
[2025-01-29 02:08:47Z INFO Listener] Runner execution has finished with return code 1
