[2025-01-29 02:05:32Z INFO HostContext] No proxy settings were found based on environmental variables (http_proxy/https_proxy/HTTP_PROXY/HTTPS_PROXY)
[2025-01-29 02:05:32Z INFO HostContext] Well known directory 'Bin': '/Users/curtisjemison/Green_Info_Urban_style_site/actions-runner/bin'
[2025-01-29 02:05:32Z INFO HostContext] Well known directory 'Root': '/Users/curtisjemison/Green_Info_Urban_style_site/actions-runner'
[2025-01-29 02:05:32Z INFO HostContext] Well known config file 'Credentials': '/Users/curtisjemison/Green_Info_Urban_style_site/actions-runner/.credentials'
[2025-01-29 02:05:32Z INFO HostContext] Well known directory 'Bin': '/Users/curtisjemison/Green_Info_Urban_style_site/actions-runner/bin'
[2025-01-29 02:05:32Z INFO HostContext] Well known directory 'Root': '/Users/curtisjemison/Green_Info_Urban_style_site/actions-runner'
[2025-01-29 02:05:32Z INFO HostContext] Well known config file 'Runner': '/Users/curtisjemison/Green_Info_Urban_style_site/actions-runner/.runner'
[2025-01-29 02:05:32Z INFO Listener] Runner is built for OSX (X64) - osx-x64.
[2025-01-29 02:05:32Z INFO Listener] RuntimeInformation: Darwin 24.2.0 Darwin Kernel Version 24.2.0: Fri Dec  6 19:01:59 PST 2024; root:xnu-11215.61.5~2/RELEASE_ARM64_T6000.
[2025-01-29 02:05:32Z INFO Listener] Version: 2.321.0
[2025-01-29 02:05:32Z INFO Listener] Commit: e249007931b7c8e857797fa259c167f0bd4f997a
[2025-01-29 02:05:32Z INFO Listener] Culture: en-US
[2025-01-29 02:05:32Z INFO Listener] UI Culture: en-US
[2025-01-29 02:05:32Z INFO HostContext] Well known directory 'Bin': '/Users/curtisjemison/Green_Info_Urban_style_site/actions-runner/bin'
[2025-01-29 02:05:32Z INFO HostContext] Well known directory 'Root': '/Users/curtisjemison/Green_Info_Urban_style_site/actions-runner'
[2025-01-29 02:05:32Z INFO Listener] Validating directory permissions for: '/Users/curtisjemison/Green_Info_Urban_style_site/actions-runner'
[2025-01-29 02:05:32Z INFO CommandLineParser] Parse
[2025-01-29 02:05:32Z INFO CommandLineParser] Parsing 5 args
[2025-01-29 02:05:32Z INFO CommandLineParser] parsing argument
[2025-01-29 02:05:32Z INFO CommandLineParser] HasArgs: False
[2025-01-29 02:05:32Z INFO CommandLineParser] Adding Command: configure
[2025-01-29 02:05:32Z INFO CommandLineParser] parsing argument
[2025-01-29 02:05:32Z INFO CommandLineParser] HasArgs: True
[2025-01-29 02:05:32Z INFO CommandLineParser] arg: url
[2025-01-29 02:05:32Z INFO CommandLineParser] parsing argument
[2025-01-29 02:05:32Z INFO CommandLineParser] HasArgs: True
[2025-01-29 02:05:32Z INFO CommandLineParser] Adding option 'url': 'https://github.com/GrayGhostDev/green_info'
[2025-01-29 02:05:32Z INFO CommandLineParser] parsing argument
[2025-01-29 02:05:32Z INFO CommandLineParser] HasArgs: True
[2025-01-29 02:05:32Z INFO CommandLineParser] arg: token
[2025-01-29 02:05:32Z INFO CommandLineParser] parsing argument
[2025-01-29 02:05:32Z INFO CommandLineParser] HasArgs: True
[2025-01-29 02:05:32Z INFO CommandLineParser] Adding option 'token': '***'
[2025-01-29 02:05:32Z INFO Listener] Arguments parsed
[2025-01-29 02:05:33Z INFO Runner] ExecuteCommand
[2025-01-29 02:05:33Z INFO ConfigurationStore] currentAssemblyLocation: /Users/curtisjemison/Green_Info_Urban_style_site/actions-runner/bin/Runner.Listener.dll
[2025-01-29 02:05:33Z INFO HostContext] Well known directory 'Bin': '/Users/curtisjemison/Green_Info_Urban_style_site/actions-runner/bin'
[2025-01-29 02:05:33Z INFO ConfigurationStore] binPath: /Users/curtisjemison/Green_Info_Urban_style_site/actions-runner/bin
[2025-01-29 02:05:33Z INFO HostContext] Well known directory 'Bin': '/Users/curtisjemison/Green_Info_Urban_style_site/actions-runner/bin'
[2025-01-29 02:05:33Z INFO HostContext] Well known directory 'Root': '/Users/curtisjemison/Green_Info_Urban_style_site/actions-runner'
[2025-01-29 02:05:33Z INFO ConfigurationStore] RootFolder: /Users/curtisjemison/Green_Info_Urban_style_site/actions-runner
[2025-01-29 02:05:33Z INFO HostContext] Well known directory 'Bin': '/Users/curtisjemison/Green_Info_Urban_style_site/actions-runner/bin'
[2025-01-29 02:05:33Z INFO HostContext] Well known directory 'Root': '/Users/curtisjemison/Green_Info_Urban_style_site/actions-runner'
[2025-01-29 02:05:33Z INFO HostContext] Well known config file 'Runner': '/Users/curtisjemison/Green_Info_Urban_style_site/actions-runner/.runner'
[2025-01-29 02:05:33Z INFO ConfigurationStore] ConfigFilePath: /Users/curtisjemison/Green_Info_Urban_style_site/actions-runner/.runner
[2025-01-29 02:05:33Z INFO HostContext] Well known directory 'Bin': '/Users/curtisjemison/Green_Info_Urban_style_site/actions-runner/bin'
[2025-01-29 02:05:33Z INFO HostContext] Well known directory 'Root': '/Users/curtisjemison/Green_Info_Urban_style_site/actions-runner'
[2025-01-29 02:05:33Z INFO HostContext] Well known config file 'Credentials': '/Users/curtisjemison/Green_Info_Urban_style_site/actions-runner/.credentials'
[2025-01-29 02:05:33Z INFO ConfigurationStore] CredFilePath: /Users/curtisjemison/Green_Info_Urban_style_site/actions-runner/.credentials
[2025-01-29 02:05:33Z INFO HostContext] Well known directory 'Bin': '/Users/curtisjemison/Green_Info_Urban_style_site/actions-runner/bin'
[2025-01-29 02:05:33Z INFO HostContext] Well known directory 'Root': '/Users/curtisjemison/Green_Info_Urban_style_site/actions-runner'
[2025-01-29 02:05:33Z INFO HostContext] Well known config file 'MigratedCredentials': '/Users/curtisjemison/Green_Info_Urban_style_site/actions-runner/.credentials_migrated'
[2025-01-29 02:05:33Z INFO ConfigurationStore] MigratedCredFilePath: /Users/curtisjemison/Green_Info_Urban_style_site/actions-runner/.credentials_migrated
[2025-01-29 02:05:33Z INFO HostContext] Well known directory 'Bin': '/Users/curtisjemison/Green_Info_Urban_style_site/actions-runner/bin'
[2025-01-29 02:05:33Z INFO HostContext] Well known directory 'Root': '/Users/curtisjemison/Green_Info_Urban_style_site/actions-runner'
[2025-01-29 02:05:33Z INFO HostContext] Well known config file 'Service': '/Users/curtisjemison/Green_Info_Urban_style_site/actions-runner/.service'
[2025-01-29 02:05:33Z INFO ConfigurationStore] ServiceConfigFilePath: /Users/curtisjemison/Green_Info_Urban_style_site/actions-runner/.service
[2025-01-29 02:05:33Z INFO CommandSettings] Flag 'help': 'False'
[2025-01-29 02:05:33Z INFO CommandSettings] Flag 'version': 'False'
[2025-01-29 02:05:33Z INFO CommandSettings] Flag 'commit': 'False'
[2025-01-29 02:05:33Z INFO CommandSettings] Flag 'check': 'False'
[2025-01-29 02:05:33Z INFO CommandSettings] Command 'configure': 'True'
[2025-01-29 02:05:33Z INFO Terminal] WRITE LINE: 
[2025-01-29 02:05:33Z INFO Terminal] WRITE LINE: --------------------------------------------------------------------------------
[2025-01-29 02:05:33Z INFO Terminal] WRITE LINE: |        ____ _ _   _   _       _          _        _   _                      |
[2025-01-29 02:05:33Z INFO Terminal] WRITE LINE: |       / ___(_) |_| | | |_   _| |__      / \   ___| |_(_) ___  _ __  ___      |
[2025-01-29 02:05:33Z INFO Terminal] WRITE LINE: |      | |  _| | __| |_| | | | | '_ \    / _ \ / __| __| |/ _ \| '_ \/ __|     |
[2025-01-29 02:05:33Z INFO Terminal] WRITE LINE: |      | |_| | | |_|  _  | |_| | |_) |  / ___ \ (__| |_| | (_) | | | \__ \     |
[2025-01-29 02:05:33Z INFO Terminal] WRITE LINE: |       \____|_|\__|_| |_|\__,_|_.__/  /_/   \_\___|\__|_|\___/|_| |_|___/     |
[2025-01-29 02:05:33Z INFO Terminal] WRITE LINE: |                                                                              |
[2025-01-29 02:05:33Z INFO Terminal] WRITE: |                       
[2025-01-29 02:05:33Z INFO Terminal] WRITE: Self-hosted runner registration
[2025-01-29 02:05:33Z INFO Terminal] WRITE LINE:                         |
[2025-01-29 02:05:33Z INFO Terminal] WRITE LINE: |                                                                              |
[2025-01-29 02:05:33Z INFO Terminal] WRITE LINE: --------------------------------------------------------------------------------
[2025-01-29 02:05:33Z INFO ConfigurationManager] ConfigureAsync
[2025-01-29 02:05:33Z INFO CommandSettings] Flag 'generateServiceConfig': 'False'
[2025-01-29 02:05:33Z INFO ConfigurationStore] IsConfigured()
[2025-01-29 02:05:33Z INFO ConfigurationStore] IsConfigured: False
[2025-01-29 02:05:33Z INFO ConfigurationManager] Is configured: False
[2025-01-29 02:05:33Z INFO CommandSettings] Arg 'url': 'https://github.com/GrayGhostDev/green_info'
[2025-01-29 02:05:33Z INFO CommandSettings] Remove url from Arg dictionary.
[2025-01-29 02:05:33Z INFO CommandSettings] Arg 'token': '***'
[2025-01-29 02:05:33Z INFO CommandSettings] Remove token from Arg dictionary.
[2025-01-29 02:05:36Z INFO ConfigurationManager] Http response code: OK from 'POST https://api.github.com/actions/runner-registration' (C916:1002E6:14DBE1C:296763B:67998CEF)
[2025-01-29 02:05:36Z INFO ConfigurationManager] Using V2 flow: False
[2025-01-29 02:05:36Z INFO ConfigurationManager] cred retrieved via GitHub auth
[2025-01-29 02:05:36Z INFO RunnerServer] EstablishVssConnection
[2025-01-29 02:05:36Z INFO RunnerServer] Establish connection with 100 seconds timeout.
[2025-01-29 02:05:36Z INFO GitHubActionsService] Starting operation Location.GetConnectionData
[2025-01-29 02:05:36Z INFO RunnerServer] EstablishVssConnection
[2025-01-29 02:05:36Z INFO RunnerServer] Establish connection with 60 seconds timeout.
[2025-01-29 02:05:36Z INFO GitHubActionsService] Starting operation Location.GetConnectionData
[2025-01-29 02:05:36Z INFO RunnerServer] EstablishVssConnection
[2025-01-29 02:05:36Z INFO RunnerServer] Establish connection with 60 seconds timeout.
[2025-01-29 02:05:36Z INFO GitHubActionsService] Starting operation Location.GetConnectionData
[2025-01-29 02:05:37Z INFO GitHubActionsService] Finished operation Location.GetConnectionData
[2025-01-29 02:05:37Z INFO GitHubActionsService] Finished operation Location.GetConnectionData
[2025-01-29 02:05:37Z INFO GitHubActionsService] Finished operation Location.GetConnectionData
[2025-01-29 02:05:37Z INFO Terminal] WRITE LINE: 
[2025-01-29 02:05:37Z INFO ConfigurationManager] Test Connection complete.
[2025-01-29 02:05:37Z INFO HostContext] Well known directory 'Bin': '/Users/curtisjemison/Green_Info_Urban_style_site/actions-runner/bin'
[2025-01-29 02:05:37Z INFO HostContext] Well known directory 'Root': '/Users/curtisjemison/Green_Info_Urban_style_site/actions-runner'
[2025-01-29 02:05:37Z INFO HostContext] Well known config file 'RSACredentials': '/Users/curtisjemison/Green_Info_Urban_style_site/actions-runner/.credentials_rsaparams'
[2025-01-29 02:05:37Z INFO RSAFileKeyManager] Creating new RSA key using 2048-bit key length
[2025-01-29 02:05:37Z INFO RSAFileKeyManager] Successfully saved RSA key parameters to file /Users/curtisjemison/Green_Info_Urban_style_site/actions-runner/.credentials_rsaparams
[2025-01-29 02:05:37Z INFO RSAFileKeyManager] Which2: 'chmod'
[2025-01-29 02:05:37Z INFO RSAFileKeyManager] Location: '/bin/chmod'
[2025-01-29 02:05:37Z INFO HostContext] Well known directory 'Bin': '/Users/curtisjemison/Green_Info_Urban_style_site/actions-runner/bin'
[2025-01-29 02:05:37Z INFO HostContext] Well known directory 'Root': '/Users/curtisjemison/Green_Info_Urban_style_site/actions-runner'
[2025-01-29 02:05:38Z INFO ProcessInvokerWrapper] Starting process:
[2025-01-29 02:05:38Z INFO ProcessInvokerWrapper]   File name: '/bin/chmod'
[2025-01-29 02:05:38Z INFO ProcessInvokerWrapper]   Arguments: '600 /Users/curtisjemison/Green_Info_Urban_style_site/actions-runner/.credentials_rsaparams'
[2025-01-29 02:05:38Z INFO ProcessInvokerWrapper]   Working directory: '/Users/curtisjemison/Green_Info_Urban_style_site/actions-runner'
[2025-01-29 02:05:38Z INFO ProcessInvokerWrapper]   Require exit code zero: 'False'
[2025-01-29 02:05:38Z INFO ProcessInvokerWrapper]   Encoding web name:  ; code page: ''
[2025-01-29 02:05:38Z INFO ProcessInvokerWrapper]   Force kill process on cancellation: 'False'
[2025-01-29 02:05:38Z INFO ProcessInvokerWrapper]   Redirected STDIN: 'False'
[2025-01-29 02:05:38Z INFO ProcessInvokerWrapper]   Persist current code page: 'False'
[2025-01-29 02:05:38Z INFO ProcessInvokerWrapper]   Keep redirected STDIN open: 'False'
[2025-01-29 02:05:38Z INFO ProcessInvokerWrapper]   High priority process: 'False'
[2025-01-29 02:05:38Z INFO ProcessInvokerWrapper] Process started with process id 17398, waiting for process exit.
[2025-01-29 02:05:38Z INFO ProcessInvokerWrapper] STDOUT/STDERR stream read finished.
[2025-01-29 02:05:38Z INFO ProcessInvokerWrapper] STDOUT/STDERR stream read finished.
[2025-01-29 02:05:38Z INFO ProcessInvokerWrapper] Finished process 17398 with exit code 0, and elapsed time 00:00:00.2989715.
[2025-01-29 02:05:38Z INFO RSAFileKeyManager] Successfully set permissions for RSA key parameters file /Users/curtisjemison/Green_Info_Urban_style_site/actions-runner/.credentials_rsaparams
[2025-01-29 02:05:38Z INFO CommandSettings] Arg 'runnergroup': ''
[2025-01-29 02:05:38Z INFO CommandSettings] Flag 'unattended': 'False'
[2025-01-29 02:05:38Z INFO PromptManager] ReadValue
[2025-01-29 02:05:38Z INFO Terminal] WRITE: Enter the name of the runner group to add this runner to: 
[2025-01-29 02:05:38Z INFO Terminal] WRITE: [press Enter for Default] 
[2025-01-29 02:05:38Z INFO Terminal] READ LINE
[2025-01-29 02:06:33Z INFO Terminal] Read value: ''
[2025-01-29 02:06:33Z INFO PromptManager] Falling back to the default: 'Default'
[2025-01-29 02:06:33Z INFO Terminal] WRITE LINE: 
[2025-01-29 02:06:33Z INFO ConfigurationManager] Found a self-hosted runner group with id 1 and name Default
[2025-01-29 02:06:33Z INFO CommandSettings] Flag 'disableupdate': 'False'
[2025-01-29 02:06:33Z INFO CommandSettings] Flag 'ephemeral': 'False'
[2025-01-29 02:06:33Z INFO CommandSettings] Arg 'name': ''
[2025-01-29 02:06:33Z INFO CommandSettings] Flag 'unattended': 'False'
[2025-01-29 02:06:33Z INFO PromptManager] ReadValue
[2025-01-29 02:06:33Z INFO Terminal] WRITE: Enter the name of runner: 
[2025-01-29 02:06:33Z INFO Terminal] WRITE: [press Enter for Gray-Ghost] 
[2025-01-29 02:06:33Z INFO Terminal] READ LINE
[2025-01-29 02:06:54Z INFO Terminal] Read value: ''
[2025-01-29 02:06:54Z INFO PromptManager] Falling back to the default: 'Gray-Ghost'
[2025-01-29 02:06:54Z INFO Terminal] WRITE LINE: 
[2025-01-29 02:06:54Z INFO CommandSettings] Arg 'labels': ''
[2025-01-29 02:06:54Z INFO CommandSettings] Flag 'unattended': 'False'
[2025-01-29 02:06:54Z INFO PromptManager] ReadValue
[2025-01-29 02:06:54Z INFO Terminal] WRITE: This runner will have the following labels: 'self-hosted', 'macOS', 'X64' 
Enter any additional labels (ex. label-1,label-2): 
[2025-01-29 02:06:54Z INFO Terminal] WRITE: [press Enter to skip] 
[2025-01-29 02:06:54Z INFO Terminal] READ LINE
[2025-01-29 02:07:13Z INFO Terminal] Read value: ''
[2025-01-29 02:07:13Z INFO Terminal] WRITE LINE: 
[2025-01-29 02:07:13Z INFO CommandSettings] Flag 'disableupdate': 'False'
[2025-01-29 02:07:13Z INFO CommandSettings] Flag 'no-default-labels': 'False'
[2025-01-29 02:07:13Z INFO CommandSettings] Flag 'disableupdate': 'False'
[2025-01-29 02:07:13Z INFO CommandSettings] Flag 'ephemeral': 'False'
[2025-01-29 02:07:13Z INFO ConfigurationStore] Saving OAuth credential @ /Users/curtisjemison/Green_Info_Urban_style_site/actions-runner/.credentials
[2025-01-29 02:07:13Z INFO ConfigurationStore] Credentials Saved.
[2025-01-29 02:07:13Z INFO ConfigurationStore] HasCredentials()
[2025-01-29 02:07:13Z INFO ConfigurationStore] stored True
[2025-01-29 02:07:13Z INFO CredentialManager] GetCredentialProvider
[2025-01-29 02:07:13Z INFO CredentialManager] Creating type OAuth
[2025-01-29 02:07:13Z INFO CredentialManager] Creating credential type: OAuth
[2025-01-29 02:07:13Z INFO RSAFileKeyManager] Loading RSA key parameters from file /Users/curtisjemison/Green_Info_Urban_style_site/actions-runner/.credentials_rsaparams
[2025-01-29 02:07:13Z INFO RunnerServer] EstablishVssConnection
[2025-01-29 02:07:13Z INFO RunnerServer] Establish connection with 100 seconds timeout.
[2025-01-29 02:07:14Z INFO GitHubActionsService] Starting operation Location.GetConnectionData
[2025-01-29 02:07:14Z INFO RunnerServer] EstablishVssConnection
[2025-01-29 02:07:14Z INFO RunnerServer] Establish connection with 60 seconds timeout.
[2025-01-29 02:07:14Z INFO GitHubActionsService] Starting operation Location.GetConnectionData
[2025-01-29 02:07:14Z INFO RunnerServer] EstablishVssConnection
[2025-01-29 02:07:14Z INFO RunnerServer] Establish connection with 60 seconds timeout.
[2025-01-29 02:07:14Z INFO GitHubActionsService] Starting operation Location.GetConnectionData
[2025-01-29 02:07:14Z INFO GitHubActionsService] Finished operation Location.GetConnectionData
[2025-01-29 02:07:14Z INFO GitHubActionsService] Finished operation Location.GetConnectionData
[2025-01-29 02:07:14Z INFO GitHubActionsService] Finished operation Location.GetConnectionData
[2025-01-29 02:07:14Z INFO RSAFileKeyManager] Loading RSA key parameters from file /Users/curtisjemison/Green_Info_Urban_style_site/actions-runner/.credentials_rsaparams
[2025-01-29 02:07:14Z INFO RSAFileKeyManager] Loading RSA key parameters from file /Users/curtisjemison/Green_Info_Urban_style_site/actions-runner/.credentials_rsaparams
[2025-01-29 02:07:14Z INFO GitHubActionsService] AAD Correlation ID for this token request: Unknown
[2025-01-29 02:07:14Z INFO CommandSettings] Arg 'work': ''
[2025-01-29 02:07:14Z INFO CommandSettings] Flag 'unattended': 'False'
[2025-01-29 02:07:14Z INFO PromptManager] ReadValue
[2025-01-29 02:07:14Z INFO Terminal] WRITE: Enter name of work folder: 
[2025-01-29 02:07:14Z INFO Terminal] WRITE: [press Enter for _work] 
[2025-01-29 02:07:14Z INFO Terminal] READ LINE
[2025-01-29 02:07:25Z INFO Terminal] Read value: ''
[2025-01-29 02:07:25Z INFO PromptManager] Falling back to the default: '_work'
[2025-01-29 02:07:25Z INFO ConfigurationStore] Saving runner settings.
[2025-01-29 02:07:25Z INFO ConfigurationStore] Settings Saved.
[2025-01-29 02:07:25Z INFO Terminal] WRITE LINE: 
[2025-01-29 02:07:25Z INFO Terminal] WRITE LINE: 
[2025-01-29 02:07:25Z INFO OsxServiceControlManager] Service name 'actions.runner.GrayGhostDev-green_info.Gray-Ghost' display name 'GitHub Actions Runner (GrayGhostDev-green_info.Gray-Ghost)' will be used for service configuration.
[2025-01-29 02:07:25Z INFO HostContext] Well known directory 'Bin': '/Users/curtisjemison/Green_Info_Urban_style_site/actions-runner/bin'
[2025-01-29 02:07:25Z INFO HostContext] Well known directory 'Root': '/Users/curtisjemison/Green_Info_Urban_style_site/actions-runner'
[2025-01-29 02:07:25Z INFO HostContext] Well known directory 'Bin': '/Users/curtisjemison/Green_Info_Urban_style_site/actions-runner/bin'
[2025-01-29 02:07:25Z INFO HostContext] Well known directory 'Bin': '/Users/curtisjemison/Green_Info_Urban_style_site/actions-runner/bin'
[2025-01-29 02:07:25Z INFO HostContext] Well known directory 'Root': '/Users/curtisjemison/Green_Info_Urban_style_site/actions-runner'
[2025-01-29 02:07:25Z INFO UnixUtil] Which2: 'chmod'
[2025-01-29 02:07:25Z INFO UnixUtil] Location: '/bin/chmod'
[2025-01-29 02:07:25Z INFO UnixUtil] Running /bin/chmod 755 "/Users/curtisjemison/Green_Info_Urban_style_site/actions-runner/svc.sh"
[2025-01-29 02:07:25Z INFO ProcessInvokerWrapper] Starting process:
[2025-01-29 02:07:25Z INFO ProcessInvokerWrapper]   File name: '/bin/chmod'
[2025-01-29 02:07:25Z INFO ProcessInvokerWrapper]   Arguments: '755 "/Users/curtisjemison/Green_Info_Urban_style_site/actions-runner/svc.sh"'
[2025-01-29 02:07:25Z INFO ProcessInvokerWrapper]   Working directory: '/Users/curtisjemison/Green_Info_Urban_style_site/actions-runner'
[2025-01-29 02:07:25Z INFO ProcessInvokerWrapper]   Require exit code zero: 'True'
[2025-01-29 02:07:25Z INFO ProcessInvokerWrapper]   Encoding web name:  ; code page: ''
[2025-01-29 02:07:25Z INFO ProcessInvokerWrapper]   Force kill process on cancellation: 'False'
[2025-01-29 02:07:25Z INFO ProcessInvokerWrapper]   Redirected STDIN: 'False'
[2025-01-29 02:07:25Z INFO ProcessInvokerWrapper]   Persist current code page: 'False'
[2025-01-29 02:07:25Z INFO ProcessInvokerWrapper]   Keep redirected STDIN open: 'False'
[2025-01-29 02:07:25Z INFO ProcessInvokerWrapper]   High priority process: 'False'
[2025-01-29 02:07:25Z INFO ProcessInvokerWrapper] Process started with process id 19343, waiting for process exit.
[2025-01-29 02:07:25Z INFO ProcessInvokerWrapper] STDOUT/STDERR stream read finished.
[2025-01-29 02:07:25Z INFO ProcessInvokerWrapper] STDOUT/STDERR stream read finished.
[2025-01-29 02:07:25Z INFO ProcessInvokerWrapper] Finished process 19343 with exit code 0, and elapsed time 00:00:00.0332903.
[2025-01-29 02:07:25Z INFO Listener] Runner execution has finished with return code 0
